@storybook/cli v7.0.5

info => Cleaning outputDir: /var/folders/1x/8yjjyfvx5fngxx7tjs46t5r00000gn/T/chromatic--35843-qIS60d9Hf8lr
info => Loading presets
WARN The "@storybook/addon-mdx-gfm" addon is meant as a migration assistant for Storybook 7.0; and will likely be removed in a future version.
WARN It's recommended you read this document:
WARN https://storybook.js.org/docs/react/writing-docs/mdx#lack-of-github-flavored-markdown-gfm
WARN 
WARN Once you've made the necessary changes, you can remove the addon from your package.json and storybook config.
info => Building manager..
info => Manager built (105 ms)
info => Copying static files: /Users/daeseungmoon/work/uglychart-space/node_modules/@storybook/manager/static at /var/folders/1x/8yjjyfvx5fngxx7tjs46t5r00000gn/T/chromatic--35843-qIS60d9Hf8lr/sb-common-assets

vite v4.2.1 building for production...

./sb-common-assets/fonts.css doesn't exist at build time, it will remain unchanged to be resolved at runtime
transforming...
Use of eval in "../../node_modules/telejson/dist/index.mjs" is strongly discouraged as it poses security risks and may cause issues with minification.
Use of eval in "../../node_modules/telejson/dist/index.mjs" is strongly discouraged as it poses security risks and may cause issues with minification.
✓ 1211 modules transformed.
11:02:14 AM [vite-plugin-svelte] dom compile done.
package                            	files	  time	   avg
svelte-highlight                   	    5	62.6ms	12.5ms
@storybook/svelte                  	    2	61.6ms	30.8ms
@moonmoonbrothers/storybook-diagram	    1	27.5ms	27.5ms
@moonmoonbrothers/flutterjs-svelte 	    1	 7.2ms	 7.2ms
rendering chunks...
computing gzip size...
../../../../../../var/folders/1x/8yjjyfvx5fngxx7tjs46t5r00000gn/T/chromatic--35843-qIS60d9Hf8lr/iframe.html                                          12.79 kB
../../../../../../var/folders/1x/8yjjyfvx5fngxx7tjs46t5r00000gn/T/chromatic--35843-qIS60d9Hf8lr/assets/Diagram-fa2679ea.css                           0.98 kB │ gzip:   0.47 kB
../../../../../../var/folders/1x/8yjjyfvx5fngxx7tjs46t5r00000gn/T/chromatic--35843-qIS60d9Hf8lr/assets/index-d475d2ea.js                              0.21 kB │ gzip:   0.17 kB │ map:     0.83 kB
../../../../../../var/folders/1x/8yjjyfvx5fngxx7tjs46t5r00000gn/T/chromatic--35843-qIS60d9Hf8lr/assets/preview-04419daf.js                            0.21 kB │ gzip:   0.20 kB │ map:     0.58 kB
../../../../../../var/folders/1x/8yjjyfvx5fngxx7tjs46t5r00000gn/T/chromatic--35843-qIS60d9Hf8lr/assets/chunk-R4NKYYJA-96bb58e6.js                     0.30 kB │ gzip:   0.23 kB │ map:     0.81 kB
../../../../../../var/folders/1x/8yjjyfvx5fngxx7tjs46t5r00000gn/T/chromatic--35843-qIS60d9Hf8lr/assets/WithTooltip-FBT32F6Q-ddf30802.js               0.39 kB │ gzip:   0.25 kB │ map:     0.11 kB
../../../../../../var/folders/1x/8yjjyfvx5fngxx7tjs46t5r00000gn/T/chromatic--35843-qIS60d9Hf8lr/assets/syntaxhighlighter-QTQ2UBB4-61588f77.js         0.41 kB │ gzip:   0.27 kB │ map:     0.12 kB
../../../../../../var/folders/1x/8yjjyfvx5fngxx7tjs46t5r00000gn/T/chromatic--35843-qIS60d9Hf8lr/assets/index-8fbc6063.js                              0.43 kB │ gzip:   0.26 kB │ map:     0.10 kB
../../../../../../var/folders/1x/8yjjyfvx5fngxx7tjs46t5r00000gn/T/chromatic--35843-qIS60d9Hf8lr/assets/DocsRenderer-7FRJXR4N-35d657a0.js              0.44 kB │ gzip:   0.28 kB │ map:     0.11 kB
../../../../../../var/folders/1x/8yjjyfvx5fngxx7tjs46t5r00000gn/T/chromatic--35843-qIS60d9Hf8lr/assets/index-784327af.js                              0.53 kB │ gzip:   0.34 kB │ map:     4.28 kB
../../../../../../var/folders/1x/8yjjyfvx5fngxx7tjs46t5r00000gn/T/chromatic--35843-qIS60d9Hf8lr/assets/preview-d34eef5f.js                            0.59 kB │ gzip:   0.36 kB │ map:     0.57 kB
../../../../../../var/folders/1x/8yjjyfvx5fngxx7tjs46t5r00000gn/T/chromatic--35843-qIS60d9Hf8lr/assets/preview-0435c720.js                            0.69 kB │ gzip:   0.49 kB │ map:     3.82 kB
../../../../../../var/folders/1x/8yjjyfvx5fngxx7tjs46t5r00000gn/T/chromatic--35843-qIS60d9Hf8lr/assets/_commonjsHelpers-042e6b4d.js                   0.78 kB │ gzip:   0.44 kB │ map:     0.11 kB
../../../../../../var/folders/1x/8yjjyfvx5fngxx7tjs46t5r00000gn/T/chromatic--35843-qIS60d9Hf8lr/assets/index-356e4a49.js                              0.81 kB │ gzip:   0.51 kB │ map:     3.26 kB
../../../../../../var/folders/1x/8yjjyfvx5fngxx7tjs46t5r00000gn/T/chromatic--35843-qIS60d9Hf8lr/assets/preview-b1164a2e.js                            0.88 kB │ gzip:   0.58 kB │ map:     2.82 kB
../../../../../../var/folders/1x/8yjjyfvx5fngxx7tjs46t5r00000gn/T/chromatic--35843-qIS60d9Hf8lr/assets/Diagram-5bf4f76b.js                            0.95 kB │ gzip:   0.50 kB │ map:     1.24 kB
../../../../../../var/folders/1x/8yjjyfvx5fngxx7tjs46t5r00000gn/T/chromatic--35843-qIS60d9Hf8lr/assets/jsx-runtime-5c7ce906.js                        1.01 kB │ gzip:   0.63 kB │ map:     2.30 kB
../../../../../../var/folders/1x/8yjjyfvx5fngxx7tjs46t5r00000gn/T/chromatic--35843-qIS60d9Hf8lr/assets/Introduction-85a68cd0.js                       1.22 kB │ gzip:   0.63 kB │ map:     1.54 kB
../../../../../../var/folders/1x/8yjjyfvx5fngxx7tjs46t5r00000gn/T/chromatic--35843-qIS60d9Hf8lr/assets/chunk-PCJTTTQV-5b6895dc.js                     1.52 kB │ gzip:   0.82 kB │ map:     4.82 kB
../../../../../../var/folders/1x/8yjjyfvx5fngxx7tjs46t5r00000gn/T/chromatic--35843-qIS60d9Hf8lr/assets/preview-bb5acd95.js                            2.38 kB │ gzip:   1.26 kB │ map:    10.31 kB
../../../../../../var/folders/1x/8yjjyfvx5fngxx7tjs46t5r00000gn/T/chromatic--35843-qIS60d9Hf8lr/assets/index-d37d4223.js                              2.63 kB │ gzip:   1.30 kB │ map:     7.47 kB
../../../../../../var/folders/1x/8yjjyfvx5fngxx7tjs46t5r00000gn/T/chromatic--35843-qIS60d9Hf8lr/assets/preview-f96f0111.js                            3.29 kB │ gzip:   1.41 kB │ map:    10.10 kB
../../../../../../var/folders/1x/8yjjyfvx5fngxx7tjs46t5r00000gn/T/chromatic--35843-qIS60d9Hf8lr/assets/index-b7949e8c.js                              3.46 kB │ gzip:   1.46 kB │ map:    10.24 kB
../../../../../../var/folders/1x/8yjjyfvx5fngxx7tjs46t5r00000gn/T/chromatic--35843-qIS60d9Hf8lr/assets/iframe-f8e44f08.js                             4.74 kB │ gzip:   1.68 kB │ map:     5.65 kB
../../../../../../var/folders/1x/8yjjyfvx5fngxx7tjs46t5r00000gn/T/chromatic--35843-qIS60d9Hf8lr/assets/preview-62235626.js                            7.69 kB │ gzip:   1.60 kB │ map:    13.70 kB
../../../../../../var/folders/1x/8yjjyfvx5fngxx7tjs46t5r00000gn/T/chromatic--35843-qIS60d9Hf8lr/assets/preview-e6f1f377.js                            7.97 kB │ gzip:   3.03 kB │ map:    28.19 kB
../../../../../../var/folders/1x/8yjjyfvx5fngxx7tjs46t5r00000gn/T/chromatic--35843-qIS60d9Hf8lr/assets/index-f09cf579.js                              9.33 kB │ gzip:   3.72 kB │ map:    98.30 kB
../../../../../../var/folders/1x/8yjjyfvx5fngxx7tjs46t5r00000gn/T/chromatic--35843-qIS60d9Hf8lr/assets/GlobalScrollAreaStyles-XIHNDKUY-eea2f20e.js   10.37 kB │ gzip:   2.32 kB │ map:    15.71 kB
../../../../../../var/folders/1x/8yjjyfvx5fngxx7tjs46t5r00000gn/T/chromatic--35843-qIS60d9Hf8lr/assets/config-c042f81e.js                            10.39 kB │ gzip:   3.72 kB │ map:    18.04 kB
../../../../../../var/folders/1x/8yjjyfvx5fngxx7tjs46t5r00000gn/T/chromatic--35843-qIS60d9Hf8lr/assets/preview-643ac584.js                           21.08 kB │ gzip:   6.99 kB │ map:    68.02 kB
../../../../../../var/folders/1x/8yjjyfvx5fngxx7tjs46t5r00000gn/T/chromatic--35843-qIS60d9Hf8lr/assets/Color-3YIJY6X7-15c8dd84.js                    27.59 kB │ gzip:  10.18 kB │ map:   102.37 kB
../../../../../../var/folders/1x/8yjjyfvx5fngxx7tjs46t5r00000gn/T/chromatic--35843-qIS60d9Hf8lr/assets/OverlayScrollbars-VAV6LJAB-13100e4b.js        58.94 kB │ gzip:  25.26 kB │ map:   277.31 kB
../../../../../../var/folders/1x/8yjjyfvx5fngxx7tjs46t5r00000gn/T/chromatic--35843-qIS60d9Hf8lr/assets/index-8f688bbe.js                             64.29 kB │ gzip:  18.38 kB │ map:   255.68 kB
../../../../../../var/folders/1x/8yjjyfvx5fngxx7tjs46t5r00000gn/T/chromatic--35843-qIS60d9Hf8lr/assets/Diagram.stories-d75bb334.js                  430.60 kB │ gzip: 120.94 kB │ map: 1,655.72 kB
../../../../../../var/folders/1x/8yjjyfvx5fngxx7tjs46t5r00000gn/T/chromatic--35843-qIS60d9Hf8lr/assets/formatter-S4K5WUZV-0ce6f1c4.js               601.60 kB │ gzip: 185.05 kB │ map: 1,315.97 kB
../../../../../../var/folders/1x/8yjjyfvx5fngxx7tjs46t5r00000gn/T/chromatic--35843-qIS60d9Hf8lr/assets/index-8b7b60ed.js                            650.69 kB │ gzip: 213.49 kB │ map: 1,827.97 kB

(!) Some chunks are larger than 500 kBs after minification. Consider:
- Using dynamic import() to code-split the application
- Use build.rollupOptions.output.manualChunks to improve chunking: https://rollupjs.org/configuration-options/#output-manualchunks
- Adjust chunk size limit for this warning via build.chunkSizeWarningLimit.
✓ built in 8.33s
info => Output directory: /var/folders/1x/8yjjyfvx5fngxx7tjs46t5r00000gn/T/chromatic--35843-qIS60d9Hf8lr
