@storybook/cli v7.0.0-beta.60

info => Cleaning outputDir: /var/folders/1x/8yjjyfvx5fngxx7tjs46t5r00000gn/T/chromatic--2426-QTUq8nyYSc4M
info => Loading presets
info => Building manager..
info => Manager built (105 ms)
info => Copying static files: /Users/daeseungmoon/work/uglychart-space/node_modules/@storybook/manager/static at /var/folders/1x/8yjjyfvx5fngxx7tjs46t5r00000gn/T/chromatic--2426-QTUq8nyYSc4M/sb-common-assets

vite v4.1.4 building for production...

./sb-common-assets/fonts.css doesn't exist at build time, it will remain unchanged to be resolved at runtime
transforming...
Use of eval in "../../node_modules/telejson/dist/index.mjs" is strongly discouraged as it poses security risks and may cause issues with minification.
Use of eval in "../../node_modules/telejson/dist/index.mjs" is strongly discouraged as it poses security risks and may cause issues with minification.
✓ 1094 modules transformed.
9:39:12 PM [vite-plugin-svelte] dom compile done.
package                              	files	  time	   avg
svelte-highlight                     	    5	66.6ms	13.3ms
@storybook/svelte                    	    2	49.2ms	24.6ms
@moonmoonbrothers/storybook-flutterjs	    1	30.1ms	30.1ms
@moonmoonbrothers/flutterjs-svelte   	    1	 7.5ms	 7.5ms
Cannot read properties of undefined (reading 'slice')
[?25l[2K[1G[36m?[39m [1mWould you like to send crash reports to Storybook?[22m [90m›[39m [90m(Y/n)[39m